{"C:\\Users\\IBRAHIM\\Desktop\\old files\\organic-Care\\server.js": {"path":"C:\\Users\\IBRAHIM\\Desktop\\old files\\organic-Care\\server.js","statementMap":{"0":{"start":{"line":1,"column":0},"end":{"line":1,"column":27}},"1":{"start":{"line":2,"column":16},"end":{"line":2,"column":34}},"2":{"start":{"line":3,"column":17},"end":{"line":3,"column":36}},"3":{"start":{"line":4,"column":19},"end":{"line":4,"column":41}},"4":{"start":{"line":5,"column":22},"end":{"line":5,"column":51}},"5":{"start":{"line":6,"column":17},"end":{"line":6,"column":49}},"6":{"start":{"line":7,"column":15},"end":{"line":7,"column":51}},"7":{"start":{"line":9,"column":13},"end":{"line":9,"column":28}},"8":{"start":{"line":10,"column":15},"end":{"line":10,"column":32}},"9":{"start":{"line":11,"column":15},"end":{"line":11,"column":32}},"10":{"start":{"line":12,"column":23},"end":{"line":12,"column":73}},"11":{"start":{"line":15,"column":12},"end":{"line":15,"column":21}},"12":{"start":{"line":18,"column":11},"end":{"line":18,"column":35}},"13":{"start":{"line":19,"column":0},"end":{"line":22,"column":36}},"14":{"start":{"line":21,"column":14},"end":{"line":21,"column":46}},"15":{"start":{"line":22,"column":18},"end":{"line":22,"column":34}},"16":{"start":{"line":26,"column":0},"end":{"line":26,"column":52}},"17":{"start":{"line":27,"column":0},"end":{"line":27,"column":27}},"18":{"start":{"line":28,"column":0},"end":{"line":28,"column":16}},"19":{"start":{"line":29,"column":0},"end":{"line":29,"column":18}},"20":{"start":{"line":31,"column":0},"end":{"line":31,"column":28}},"21":{"start":{"line":35,"column":0},"end":{"line":35,"column":31}},"22":{"start":{"line":38,"column":0},"end":{"line":40,"column":3}},"23":{"start":{"line":39,"column":2},"end":{"line":39,"column":67}},"24":{"start":{"line":43,"column":0},"end":{"line":61,"column":3}},"25":{"start":{"line":44,"column":2},"end":{"line":44,"column":31}},"26":{"start":{"line":45,"column":2},"end":{"line":45,"column":37}},"27":{"start":{"line":47,"column":2},"end":{"line":60,"column":3}},"28":{"start":{"line":49,"column":4},"end":{"line":49,"column":65}},"29":{"start":{"line":50,"column":9},"end":{"line":60,"column":3}},"30":{"start":{"line":52,"column":29},"end":{"line":52,"column":31}},"31":{"start":{"line":53,"column":4},"end":{"line":55,"column":5}},"32":{"start":{"line":54,"column":6},"end":{"line":54,"column":58}},"33":{"start":{"line":56,"column":4},"end":{"line":56,"column":78}},"34":{"start":{"line":59,"column":4},"end":{"line":59,"column":61}},"35":{"start":{"line":63,"column":16},"end":{"line":69,"column":2}},"36":{"start":{"line":71,"column":0},"end":{"line":71,"column":17}},"37":{"start":{"line":74,"column":0},"end":{"line":74,"column":57}},"38":{"start":{"line":75,"column":0},"end":{"line":75,"column":55}},"39":{"start":{"line":77,"column":0},"end":{"line":77,"column":24}},"40":{"start":{"line":78,"column":0},"end":{"line":78,"column":52}},"41":{"start":{"line":79,"column":0},"end":{"line":79,"column":56}},"42":{"start":{"line":80,"column":0},"end":{"line":80,"column":53}},"43":{"start":{"line":81,"column":0},"end":{"line":81,"column":56}},"44":{"start":{"line":82,"column":0},"end":{"line":84,"column":2}},"45":{"start":{"line":83,"column":2},"end":{"line":83,"column":33}},"46":{"start":{"line":85,"column":0},"end":{"line":94,"column":1}},"47":{"start":{"line":87,"column":2},"end":{"line":87,"column":42}},"48":{"start":{"line":90,"column":2},"end":{"line":93,"column":5}},"49":{"start":{"line":92,"column":4},"end":{"line":92,"column":80}},"50":{"start":{"line":99,"column":13},"end":{"line":99,"column":37}},"51":{"start":{"line":100,"column":0},"end":{"line":100,"column":73}},"52":{"start":{"line":100,"column":23},"end":{"line":100,"column":71}}},"fnMap":{"0":{"name":"(anonymous_0)","decl":{"start":{"line":21,"column":8},"end":{"line":21,"column":9}},"loc":{"start":{"line":21,"column":14},"end":{"line":21,"column":46}},"line":21},"1":{"name":"(anonymous_1)","decl":{"start":{"line":22,"column":9},"end":{"line":22,"column":10}},"loc":{"start":{"line":22,"column":18},"end":{"line":22,"column":34}},"line":22},"2":{"name":"(anonymous_2)","decl":{"start":{"line":38,"column":13},"end":{"line":38,"column":14}},"loc":{"start":{"line":38,"column":27},"end":{"line":40,"column":1}},"line":38},"3":{"name":"(anonymous_3)","decl":{"start":{"line":43,"column":8},"end":{"line":43,"column":9}},"loc":{"start":{"line":43,"column":33},"end":{"line":61,"column":1}},"line":43},"4":{"name":"(anonymous_4)","decl":{"start":{"line":82,"column":20},"end":{"line":82,"column":21}},"loc":{"start":{"line":82,"column":32},"end":{"line":84,"column":1}},"line":82},"5":{"name":"(anonymous_5)","decl":{"start":{"line":90,"column":15},"end":{"line":90,"column":16}},"loc":{"start":{"line":90,"column":44},"end":{"line":93,"column":3}},"line":90},"6":{"name":"(anonymous_6)","decl":{"start":{"line":100,"column":17},"end":{"line":100,"column":18}},"loc":{"start":{"line":100,"column":23},"end":{"line":100,"column":71}},"line":100}},"branchMap":{"0":{"loc":{"start":{"line":47,"column":2},"end":{"line":60,"column":3}},"type":"if","locations":[{"start":{"line":47,"column":2},"end":{"line":60,"column":3}},{"start":{"line":50,"column":9},"end":{"line":60,"column":3}}],"line":47},"1":{"loc":{"start":{"line":50,"column":9},"end":{"line":60,"column":3}},"type":"if","locations":[{"start":{"line":50,"column":9},"end":{"line":60,"column":3}},{"start":{"line":57,"column":9},"end":{"line":60,"column":3}}],"line":50},"2":{"loc":{"start":{"line":85,"column":0},"end":{"line":94,"column":1}},"type":"if","locations":[{"start":{"line":85,"column":0},"end":{"line":94,"column":1}},{"start":{},"end":{}}],"line":85},"3":{"loc":{"start":{"line":99,"column":13},"end":{"line":99,"column":37}},"type":"binary-expr","locations":[{"start":{"line":99,"column":13},"end":{"line":99,"column":29}},{"start":{"line":99,"column":33},"end":{"line":99,"column":37}}],"line":99}},"s":{"0":1,"1":1,"2":1,"3":1,"4":1,"5":1,"6":1,"7":1,"8":1,"9":1,"10":1,"11":1,"12":1,"13":1,"14":0,"15":0,"16":1,"17":1,"18":1,"19":1,"20":1,"21":1,"22":1,"23":0,"24":1,"25":0,"26":0,"27":0,"28":0,"29":0,"30":0,"31":0,"32":0,"33":0,"34":0,"35":1,"36":1,"37":1,"38":1,"39":1,"40":1,"41":1,"42":1,"43":1,"44":1,"45":0,"46":1,"47":0,"48":0,"49":0,"50":1,"51":1,"52":0},"f":{"0":0,"1":0,"2":0,"3":0,"4":0,"5":0,"6":0},"b":{"0":[0,0],"1":[0,0],"2":[0,1],"3":[1,0]},"_coverageSchema":"1a1c01bbd47fc00a2c39e90264f33305004495a9","hash":"39428382789bf9f735d9b74c0345a498556fdab8"}
,"C:\\Users\\IBRAHIM\\Desktop\\old files\\organic-Care\\src\\config\\passport.js": {"path":"C:\\Users\\IBRAHIM\\Desktop\\old files\\organic-Care\\src\\config\\passport.js","statementMap":{"0":{"start":{"line":2,"column":17},"end":{"line":2,"column":36}},"1":{"start":{"line":3,"column":15},"end":{"line":3,"column":48}},"2":{"start":{"line":4,"column":20},"end":{"line":4,"column":52}},"3":{"start":{"line":5,"column":19},"end":{"line":5,"column":53}},"4":{"start":{"line":6,"column":23},"end":{"line":6,"column":66}},"5":{"start":{"line":7,"column":12},"end":{"line":7,"column":35}},"6":{"start":{"line":8,"column":13},"end":{"line":8,"column":38}},"7":{"start":{"line":10,"column":12},"end":{"line":10,"column":14}},"8":{"start":{"line":11,"column":0},"end":{"line":11,"column":62}},"9":{"start":{"line":12,"column":0},"end":{"line":12,"column":41}},"10":{"start":{"line":14,"column":0},"end":{"line":28,"column":2}},"11":{"start":{"line":16,"column":4},"end":{"line":26,"column":5}},"12":{"start":{"line":17,"column":19},"end":{"line":17,"column":55}},"13":{"start":{"line":18,"column":6},"end":{"line":22,"column":7}},"14":{"start":{"line":19,"column":8},"end":{"line":19,"column":32}},"15":{"start":{"line":21,"column":8},"end":{"line":21,"column":64}},"16":{"start":{"line":24,"column":6},"end":{"line":24,"column":52}},"17":{"start":{"line":25,"column":6},"end":{"line":25,"column":30}},"18":{"start":{"line":29,"column":0},"end":{"line":55,"column":2}},"19":{"start":{"line":37,"column":6},"end":{"line":52,"column":7}},"20":{"start":{"line":39,"column":29},"end":{"line":39,"column":73}},"21":{"start":{"line":41,"column":8},"end":{"line":47,"column":9}},"22":{"start":{"line":43,"column":10},"end":{"line":43,"column":40}},"23":{"start":{"line":46,"column":10},"end":{"line":46,"column":35}},"24":{"start":{"line":50,"column":8},"end":{"line":50,"column":59}},"25":{"start":{"line":51,"column":8},"end":{"line":51,"column":25}},"26":{"start":{"line":57,"column":0},"end":{"line":57,"column":26}}},"fnMap":{"0":{"name":"(anonymous_0)","decl":{"start":{"line":15,"column":23},"end":{"line":15,"column":24}},"loc":{"start":{"line":15,"column":52},"end":{"line":27,"column":3}},"line":15},"1":{"name":"(anonymous_1)","decl":{"start":{"line":36,"column":4},"end":{"line":36,"column":5}},"loc":{"start":{"line":36,"column":60},"end":{"line":53,"column":5}},"line":36}},"branchMap":{"0":{"loc":{"start":{"line":18,"column":6},"end":{"line":22,"column":7}},"type":"if","locations":[{"start":{"line":18,"column":6},"end":{"line":22,"column":7}},{"start":{"line":20,"column":13},"end":{"line":22,"column":7}}],"line":18},"1":{"loc":{"start":{"line":41,"column":8},"end":{"line":47,"column":9}},"type":"if","locations":[{"start":{"line":41,"column":8},"end":{"line":47,"column":9}},{"start":{"line":44,"column":14},"end":{"line":47,"column":9}}],"line":41}},"s":{"0":1,"1":1,"2":1,"3":1,"4":1,"5":1,"6":1,"7":1,"8":1,"9":1,"10":1,"11":0,"12":0,"13":0,"14":0,"15":0,"16":0,"17":0,"18":1,"19":0,"20":0,"21":0,"22":0,"23":0,"24":0,"25":0,"26":1},"f":{"0":0,"1":0},"b":{"0":[0,0],"1":[0,0]},"_coverageSchema":"1a1c01bbd47fc00a2c39e90264f33305004495a9","hash":"e936bf21ec40125a6dbfe708f437083c064d353b"}
,"C:\\Users\\IBRAHIM\\Desktop\\old files\\organic-Care\\src\\controllers\\authController.js": {"path":"C:\\Users\\IBRAHIM\\Desktop\\old files\\organic-Care\\src\\controllers\\authController.js","statementMap":{"0":{"start":{"line":1,"column":17},"end":{"line":1,"column":46}},"1":{"start":{"line":2,"column":12},"end":{"line":2,"column":35}},"2":{"start":{"line":3,"column":13},"end":{"line":3,"column":38}},"3":{"start":{"line":4,"column":15},"end":{"line":4,"column":32}},"4":{"start":{"line":5,"column":15},"end":{"line":5,"column":48}},"5":{"start":{"line":6,"column":35},"end":{"line":6,"column":63}},"6":{"start":{"line":8,"column":17},"end":{"line":81,"column":1}},"7":{"start":{"line":9,"column":62},"end":{"line":9,"column":70}},"8":{"start":{"line":11,"column":2},"end":{"line":80,"column":3}},"9":{"start":{"line":12,"column":4},"end":{"line":76,"column":5}},"10":{"start":{"line":14,"column":21},"end":{"line":14,"column":42}},"11":{"start":{"line":17,"column":6},"end":{"line":19,"column":7}},"12":{"start":{"line":18,"column":8},"end":{"line":18,"column":64}},"13":{"start":{"line":22,"column":27},"end":{"line":22,"column":63}},"14":{"start":{"line":24,"column":6},"end":{"line":32,"column":7}},"15":{"start":{"line":25,"column":8},"end":{"line":31,"column":9}},"16":{"start":{"line":26,"column":10},"end":{"line":28,"column":73}},"17":{"start":{"line":30,"column":10},"end":{"line":30,"column":73}},"18":{"start":{"line":34,"column":19},"end":{"line":34,"column":43}},"19":{"start":{"line":35,"column":29},"end":{"line":35,"column":62}},"20":{"start":{"line":36,"column":22},"end":{"line":40,"column":8}},"21":{"start":{"line":41,"column":24},"end":{"line":41,"column":44}},"22":{"start":{"line":43,"column":6},"end":{"line":73,"column":7}},"23":{"start":{"line":45,"column":24},"end":{"line":50,"column":9}},"24":{"start":{"line":51,"column":22},"end":{"line":53,"column":10}},"25":{"start":{"line":54,"column":8},"end":{"line":54,"column":49}},"26":{"start":{"line":57,"column":8},"end":{"line":61,"column":11}},"27":{"start":{"line":63,"column":8},"end":{"line":67,"column":11}},"28":{"start":{"line":69,"column":8},"end":{"line":72,"column":11}},"29":{"start":{"line":75,"column":6},"end":{"line":75,"column":71}},"30":{"start":{"line":78,"column":4},"end":{"line":78,"column":47}},"31":{"start":{"line":79,"column":4},"end":{"line":79,"column":70}},"32":{"start":{"line":83,"column":14},"end":{"line":149,"column":1}},"33":{"start":{"line":85,"column":17},"end":{"line":85,"column":38}},"34":{"start":{"line":87,"column":2},"end":{"line":92,"column":3}},"35":{"start":{"line":88,"column":4},"end":{"line":91,"column":7}},"36":{"start":{"line":93,"column":2},"end":{"line":148,"column":3}},"37":{"start":{"line":94,"column":35},"end":{"line":94,"column":43}},"38":{"start":{"line":97,"column":17},"end":{"line":97,"column":56}},"39":{"start":{"line":99,"column":4},"end":{"line":104,"column":5}},"40":{"start":{"line":100,"column":6},"end":{"line":103,"column":9}},"41":{"start":{"line":107,"column":20},"end":{"line":107,"column":65}},"42":{"start":{"line":109,"column":4},"end":{"line":140,"column":5}},"43":{"start":{"line":111,"column":22},"end":{"line":116,"column":7}},"44":{"start":{"line":119,"column":20},"end":{"line":121,"column":8}},"45":{"start":{"line":124,"column":6},"end":{"line":128,"column":9}},"46":{"start":{"line":130,"column":6},"end":{"line":134,"column":9}},"47":{"start":{"line":136,"column":6},"end":{"line":139,"column":9}},"48":{"start":{"line":143,"column":4},"end":{"line":143,"column":41}},"49":{"start":{"line":144,"column":4},"end":{"line":147,"column":7}},"50":{"start":{"line":151,"column":31},"end":{"line":243,"column":1}},"51":{"start":{"line":154,"column":2},"end":{"line":242,"column":3}},"52":{"start":{"line":156,"column":25},"end":{"line":156,"column":78}},"53":{"start":{"line":158,"column":4},"end":{"line":235,"column":5}},"54":{"start":{"line":162,"column":22},"end":{"line":167,"column":7}},"55":{"start":{"line":168,"column":20},"end":{"line":170,"column":8}},"56":{"start":{"line":171,"column":6},"end":{"line":184,"column":11}},"57":{"start":{"line":188,"column":22},"end":{"line":194,"column":8}},"58":{"start":{"line":197,"column":24},"end":{"line":197,"column":44}},"59":{"start":{"line":199,"column":6},"end":{"line":234,"column":7}},"60":{"start":{"line":202,"column":24},"end":{"line":207,"column":9}},"61":{"start":{"line":209,"column":22},"end":{"line":211,"column":10}},"62":{"start":{"line":214,"column":8},"end":{"line":219,"column":11}},"63":{"start":{"line":220,"column":8},"end":{"line":224,"column":11}},"64":{"start":{"line":226,"column":8},"end":{"line":228,"column":10}},"65":{"start":{"line":229,"column":8},"end":{"line":229,"column":41}},"66":{"start":{"line":230,"column":8},"end":{"line":233,"column":11}},"67":{"start":{"line":237,"column":4},"end":{"line":237,"column":61}},"68":{"start":{"line":238,"column":4},"end":{"line":241,"column":7}},"69":{"start":{"line":245,"column":0},"end":{"line":249,"column":2}}},"fnMap":{"0":{"name":"(anonymous_0)","decl":{"start":{"line":8,"column":17},"end":{"line":8,"column":18}},"loc":{"start":{"line":8,"column":37},"end":{"line":81,"column":1}},"line":8},"1":{"name":"(anonymous_1)","decl":{"start":{"line":83,"column":14},"end":{"line":83,"column":15}},"loc":{"start":{"line":83,"column":34},"end":{"line":149,"column":1}},"line":83},"2":{"name":"(anonymous_2)","decl":{"start":{"line":151,"column":31},"end":{"line":151,"column":32}},"loc":{"start":{"line":151,"column":51},"end":{"line":243,"column":1}},"line":151}},"branchMap":{"0":{"loc":{"start":{"line":12,"column":4},"end":{"line":76,"column":5}},"type":"if","locations":[{"start":{"line":12,"column":4},"end":{"line":76,"column":5}},{"start":{"line":74,"column":11},"end":{"line":76,"column":5}}],"line":12},"1":{"loc":{"start":{"line":17,"column":6},"end":{"line":19,"column":7}},"type":"if","locations":[{"start":{"line":17,"column":6},"end":{"line":19,"column":7}},{"start":{},"end":{}}],"line":17},"2":{"loc":{"start":{"line":24,"column":6},"end":{"line":32,"column":7}},"type":"if","locations":[{"start":{"line":24,"column":6},"end":{"line":32,"column":7}},{"start":{},"end":{}}],"line":24},"3":{"loc":{"start":{"line":25,"column":8},"end":{"line":31,"column":9}},"type":"if","locations":[{"start":{"line":25,"column":8},"end":{"line":31,"column":9}},{"start":{"line":29,"column":15},"end":{"line":31,"column":9}}],"line":25},"4":{"loc":{"start":{"line":43,"column":6},"end":{"line":73,"column":7}},"type":"if","locations":[{"start":{"line":43,"column":6},"end":{"line":73,"column":7}},{"start":{"line":68,"column":13},"end":{"line":73,"column":7}}],"line":43},"5":{"loc":{"start":{"line":87,"column":2},"end":{"line":92,"column":3}},"type":"if","locations":[{"start":{"line":87,"column":2},"end":{"line":92,"column":3}},{"start":{},"end":{}}],"line":87},"6":{"loc":{"start":{"line":99,"column":4},"end":{"line":104,"column":5}},"type":"if","locations":[{"start":{"line":99,"column":4},"end":{"line":104,"column":5}},{"start":{},"end":{}}],"line":99},"7":{"loc":{"start":{"line":109,"column":4},"end":{"line":140,"column":5}},"type":"if","locations":[{"start":{"line":109,"column":4},"end":{"line":140,"column":5}},{"start":{"line":135,"column":11},"end":{"line":140,"column":5}}],"line":109},"8":{"loc":{"start":{"line":158,"column":4},"end":{"line":235,"column":5}},"type":"if","locations":[{"start":{"line":158,"column":4},"end":{"line":235,"column":5}},{"start":{"line":185,"column":11},"end":{"line":235,"column":5}}],"line":158},"9":{"loc":{"start":{"line":192,"column":23},"end":{"line":192,"column":73}},"type":"cond-expr","locations":[{"start":{"line":192,"column":44},"end":{"line":192,"column":68}},{"start":{"line":192,"column":71},"end":{"line":192,"column":73}}],"line":192},"10":{"loc":{"start":{"line":199,"column":6},"end":{"line":234,"column":7}},"type":"if","locations":[{"start":{"line":199,"column":6},"end":{"line":234,"column":7}},{"start":{"line":225,"column":13},"end":{"line":234,"column":7}}],"line":199}},"s":{"0":1,"1":1,"2":1,"3":1,"4":1,"5":1,"6":1,"7":0,"8":0,"9":0,"10":0,"11":0,"12":0,"13":0,"14":0,"15":0,"16":0,"17":0,"18":0,"19":0,"20":0,"21":0,"22":0,"23":0,"24":0,"25":0,"26":0,"27":0,"28":0,"29":0,"30":0,"31":0,"32":1,"33":0,"34":0,"35":0,"36":0,"37":0,"38":0,"39":0,"40":0,"41":0,"42":0,"43":0,"44":0,"45":0,"46":0,"47":0,"48":0,"49":0,"50":1,"51":0,"52":0,"53":0,"54":0,"55":0,"56":0,"57":0,"58":0,"59":0,"60":0,"61":0,"62":0,"63":0,"64":0,"65":0,"66":0,"67":0,"68":0,"69":1},"f":{"0":0,"1":0,"2":0},"b":{"0":[0,0],"1":[0,0],"2":[0,0],"3":[0,0],"4":[0,0],"5":[0,0],"6":[0,0],"7":[0,0],"8":[0,0],"9":[0,0],"10":[0,0]},"_coverageSchema":"1a1c01bbd47fc00a2c39e90264f33305004495a9","hash":"92dc5dae7d6ae45de3a2746d7ee7b2ef6ea7a862"}
,"C:\\Users\\IBRAHIM\\Desktop\\old files\\organic-Care\\src\\controllers\\orderController.js": {"path":"C:\\Users\\IBRAHIM\\Desktop\\old files\\organic-Care\\src\\controllers\\orderController.js","statementMap":{"0":{"start":{"line":1,"column":14},"end":{"line":1,"column":40}},"1":{"start":{"line":2,"column":15},"end":{"line":2,"column":48}},"2":{"start":{"line":5,"column":20},"end":{"line":34,"column":1}},"3":{"start":{"line":6,"column":2},"end":{"line":33,"column":3}},"4":{"start":{"line":14,"column":8},"end":{"line":14,"column":16}},"5":{"start":{"line":15,"column":18},"end":{"line":22,"column":6}},"6":{"start":{"line":23,"column":4},"end":{"line":23,"column":23}},"7":{"start":{"line":24,"column":4},"end":{"line":26,"column":5}},"8":{"start":{"line":25,"column":6},"end":{"line":25,"column":46}},"9":{"start":{"line":27,"column":4},"end":{"line":27,"column":52}},"10":{"start":{"line":28,"column":4},"end":{"line":28,"column":75}},"11":{"start":{"line":30,"column":4},"end":{"line":30,"column":64}},"12":{"start":{"line":31,"column":4},"end":{"line":31,"column":23}},"13":{"start":{"line":32,"column":4},"end":{"line":32,"column":71}},"14":{"start":{"line":37,"column":18},"end":{"line":53,"column":1}},"15":{"start":{"line":38,"column":2},"end":{"line":52,"column":3}},"16":{"start":{"line":39,"column":19},"end":{"line":39,"column":37}},"17":{"start":{"line":40,"column":19},"end":{"line":45,"column":13}},"18":{"start":{"line":46,"column":4},"end":{"line":46,"column":70}},"19":{"start":{"line":47,"column":4},"end":{"line":47,"column":40}},"20":{"start":{"line":49,"column":4},"end":{"line":49,"column":60}},"21":{"start":{"line":50,"column":4},"end":{"line":50,"column":23}},"22":{"start":{"line":51,"column":4},"end":{"line":51,"column":58}},"23":{"start":{"line":56,"column":17},"end":{"line":76,"column":1}},"24":{"start":{"line":57,"column":2},"end":{"line":75,"column":3}},"25":{"start":{"line":58,"column":19},"end":{"line":58,"column":37}},"26":{"start":{"line":59,"column":13},"end":{"line":59,"column":31}},"27":{"start":{"line":60,"column":18},"end":{"line":66,"column":13}},"28":{"start":{"line":67,"column":4},"end":{"line":69,"column":5}},"29":{"start":{"line":68,"column":6},"end":{"line":68,"column":41}},"30":{"start":{"line":70,"column":4},"end":{"line":70,"column":53}},"31":{"start":{"line":71,"column":4},"end":{"line":71,"column":39}},"32":{"start":{"line":73,"column":4},"end":{"line":73,"column":21}},"33":{"start":{"line":74,"column":4},"end":{"line":74,"column":62}},"34":{"start":{"line":79,"column":21},"end":{"line":100,"column":1}},"35":{"start":{"line":80,"column":2},"end":{"line":99,"column":3}},"36":{"start":{"line":81,"column":19},"end":{"line":81,"column":37}},"37":{"start":{"line":82,"column":13},"end":{"line":82,"column":31}},"38":{"start":{"line":83,"column":23},"end":{"line":83,"column":31}},"39":{"start":{"line":84,"column":18},"end":{"line":88,"column":12}},"40":{"start":{"line":90,"column":4},"end":{"line":92,"column":5}},"41":{"start":{"line":91,"column":6},"end":{"line":91,"column":41}},"42":{"start":{"line":93,"column":4},"end":{"line":93,"column":53}},"43":{"start":{"line":94,"column":4},"end":{"line":94,"column":39}},"44":{"start":{"line":96,"column":4},"end":{"line":96,"column":60}},"45":{"start":{"line":97,"column":4},"end":{"line":97,"column":19}},"46":{"start":{"line":98,"column":4},"end":{"line":98,"column":67}},"47":{"start":{"line":102,"column":0},"end":{"line":107,"column":2}}},"fnMap":{"0":{"name":"(anonymous_0)","decl":{"start":{"line":5,"column":20},"end":{"line":5,"column":21}},"loc":{"start":{"line":5,"column":40},"end":{"line":34,"column":1}},"line":5},"1":{"name":"(anonymous_1)","decl":{"start":{"line":37,"column":18},"end":{"line":37,"column":19}},"loc":{"start":{"line":37,"column":38},"end":{"line":53,"column":1}},"line":37},"2":{"name":"(anonymous_2)","decl":{"start":{"line":56,"column":17},"end":{"line":56,"column":18}},"loc":{"start":{"line":56,"column":37},"end":{"line":76,"column":1}},"line":56},"3":{"name":"(anonymous_3)","decl":{"start":{"line":79,"column":21},"end":{"line":79,"column":22}},"loc":{"start":{"line":79,"column":41},"end":{"line":100,"column":1}},"line":79}},"branchMap":{"0":{"loc":{"start":{"line":24,"column":4},"end":{"line":26,"column":5}},"type":"if","locations":[{"start":{"line":24,"column":4},"end":{"line":26,"column":5}},{"start":{},"end":{}}],"line":24},"1":{"loc":{"start":{"line":67,"column":4},"end":{"line":69,"column":5}},"type":"if","locations":[{"start":{"line":67,"column":4},"end":{"line":69,"column":5}},{"start":{},"end":{}}],"line":67},"2":{"loc":{"start":{"line":90,"column":4},"end":{"line":92,"column":5}},"type":"if","locations":[{"start":{"line":90,"column":4},"end":{"line":92,"column":5}},{"start":{},"end":{}}],"line":90}},"s":{"0":1,"1":1,"2":1,"3":0,"4":0,"5":0,"6":0,"7":0,"8":0,"9":0,"10":0,"11":0,"12":0,"13":0,"14":1,"15":0,"16":0,"17":0,"18":0,"19":0,"20":0,"21":0,"22":0,"23":1,"24":0,"25":0,"26":0,"27":0,"28":0,"29":0,"30":0,"31":0,"32":0,"33":0,"34":1,"35":0,"36":0,"37":0,"38":0,"39":0,"40":0,"41":0,"42":0,"43":0,"44":0,"45":0,"46":0,"47":1},"f":{"0":0,"1":0,"2":0,"3":0},"b":{"0":[0,0],"1":[0,0],"2":[0,0]},"_coverageSchema":"1a1c01bbd47fc00a2c39e90264f33305004495a9","hash":"63b062defe46c6ae9706ab3f40b1f1357ec0c502"}
,"C:\\Users\\IBRAHIM\\Desktop\\old files\\organic-Care\\src\\controllers\\productController.js": {"path":"C:\\Users\\IBRAHIM\\Desktop\\old files\\organic-Care\\src\\controllers\\productController.js","statementMap":{"0":{"start":{"line":2,"column":16},"end":{"line":2,"column":44}},"1":{"start":{"line":3,"column":24},"end":{"line":3,"column":64}},"2":{"start":{"line":4,"column":15},"end":{"line":4,"column":48}},"3":{"start":{"line":6,"column":24},"end":{"line":13,"column":1}},"4":{"start":{"line":7,"column":2},"end":{"line":9,"column":3}},"5":{"start":{"line":8,"column":4},"end":{"line":8,"column":17}},"6":{"start":{"line":10,"column":22},"end":{"line":10,"column":41}},"7":{"start":{"line":11,"column":24},"end":{"line":11,"column":49}},"8":{"start":{"line":12,"column":2},"end":{"line":12,"column":23}},"9":{"start":{"line":16,"column":22},"end":{"line":25,"column":1}},"10":{"start":{"line":17,"column":49},"end":{"line":17,"column":57}},"11":{"start":{"line":18,"column":18},"end":{"line":18,"column":69}},"12":{"start":{"line":19,"column":2},"end":{"line":24,"column":3}},"13":{"start":{"line":20,"column":4},"end":{"line":20,"column":25}},"14":{"start":{"line":21,"column":4},"end":{"line":21,"column":38}},"15":{"start":{"line":23,"column":4},"end":{"line":23,"column":52}},"16":{"start":{"line":28,"column":20},"end":{"line":93,"column":1}},"17":{"start":{"line":29,"column":2},"end":{"line":92,"column":3}},"18":{"start":{"line":32,"column":34},"end":{"line":32,"column":53}},"19":{"start":{"line":35,"column":21},"end":{"line":35,"column":48}},"20":{"start":{"line":36,"column":4},"end":{"line":38,"column":5}},"21":{"start":{"line":37,"column":6},"end":{"line":37,"column":46}},"22":{"start":{"line":39,"column":4},"end":{"line":39,"column":49}},"23":{"start":{"line":42,"column":4},"end":{"line":45,"column":5}},"24":{"start":{"line":43,"column":6},"end":{"line":43,"column":44}},"25":{"start":{"line":44,"column":6},"end":{"line":44,"column":72}},"26":{"start":{"line":47,"column":30},"end":{"line":47,"column":32}},"27":{"start":{"line":49,"column":4},"end":{"line":75,"column":5}},"28":{"start":{"line":51,"column":6},"end":{"line":74,"column":7}},"29":{"start":{"line":52,"column":8},"end":{"line":71,"column":9}},"30":{"start":{"line":53,"column":33},"end":{"line":57,"column":11}},"31":{"start":{"line":59,"column":10},"end":{"line":64,"column":11}},"32":{"start":{"line":60,"column":12},"end":{"line":60,"column":46}},"33":{"start":{"line":61,"column":12},"end":{"line":61,"column":53}},"34":{"start":{"line":63,"column":12},"end":{"line":63,"column":72}},"35":{"start":{"line":65,"column":10},"end":{"line":65,"column":77}},"36":{"start":{"line":66,"column":10},"end":{"line":66,"column":42}},"37":{"start":{"line":69,"column":10},"end":{"line":69,"column":73}},"38":{"start":{"line":70,"column":10},"end":{"line":70,"column":60}},"39":{"start":{"line":73,"column":8},"end":{"line":73,"column":40}},"40":{"start":{"line":78,"column":4},"end":{"line":78,"column":65}},"41":{"start":{"line":80,"column":4},"end":{"line":84,"column":5}},"42":{"start":{"line":82,"column":6},"end":{"line":82,"column":71}},"43":{"start":{"line":83,"column":6},"end":{"line":83,"column":70}},"44":{"start":{"line":86,"column":4},"end":{"line":86,"column":59}},"45":{"start":{"line":87,"column":4},"end":{"line":87,"column":44}},"46":{"start":{"line":89,"column":4},"end":{"line":89,"column":55}},"47":{"start":{"line":90,"column":4},"end":{"line":90,"column":23}},"48":{"start":{"line":91,"column":4},"end":{"line":91,"column":70}},"49":{"start":{"line":96,"column":19},"end":{"line":145,"column":1}},"50":{"start":{"line":97,"column":13},"end":{"line":97,"column":26}},"51":{"start":{"line":98,"column":2},"end":{"line":144,"column":3}},"52":{"start":{"line":100,"column":34},"end":{"line":100,"column":62}},"53":{"start":{"line":101,"column":20},"end":{"line":101,"column":53}},"54":{"start":{"line":103,"column":4},"end":{"line":105,"column":5}},"55":{"start":{"line":104,"column":6},"end":{"line":104,"column":43}},"56":{"start":{"line":107,"column":4},"end":{"line":109,"column":5}},"57":{"start":{"line":108,"column":6},"end":{"line":108,"column":54}},"58":{"start":{"line":110,"column":29},"end":{"line":110,"column":31}},"59":{"start":{"line":111,"column":4},"end":{"line":131,"column":5}},"60":{"start":{"line":112,"column":6},"end":{"line":128,"column":7}},"61":{"start":{"line":113,"column":31},"end":{"line":117,"column":9}},"62":{"start":{"line":118,"column":8},"end":{"line":123,"column":9}},"63":{"start":{"line":119,"column":10},"end":{"line":119,"column":53}},"64":{"start":{"line":120,"column":10},"end":{"line":120,"column":60}},"65":{"start":{"line":122,"column":10},"end":{"line":122,"column":69}},"66":{"start":{"line":124,"column":8},"end":{"line":124,"column":75}},"67":{"start":{"line":125,"column":8},"end":{"line":125,"column":35}},"68":{"start":{"line":127,"column":8},"end":{"line":127,"column":58}},"69":{"start":{"line":130,"column":6},"end":{"line":130,"column":33}},"70":{"start":{"line":133,"column":4},"end":{"line":137,"column":5}},"71":{"start":{"line":135,"column":6},"end":{"line":135,"column":71}},"72":{"start":{"line":136,"column":6},"end":{"line":136,"column":57}},"73":{"start":{"line":139,"column":4},"end":{"line":139,"column":59}},"74":{"start":{"line":140,"column":4},"end":{"line":140,"column":43}},"75":{"start":{"line":142,"column":4},"end":{"line":142,"column":23}},"76":{"start":{"line":143,"column":4},"end":{"line":143,"column":70}},"77":{"start":{"line":148,"column":22},"end":{"line":166,"column":1}},"78":{"start":{"line":149,"column":13},"end":{"line":149,"column":26}},"79":{"start":{"line":150,"column":39},"end":{"line":150,"column":47}},"80":{"start":{"line":152,"column":2},"end":{"line":165,"column":3}},"81":{"start":{"line":153,"column":4},"end":{"line":157,"column":13}},"82":{"start":{"line":158,"column":4},"end":{"line":160,"column":5}},"83":{"start":{"line":159,"column":6},"end":{"line":159,"column":44}},"84":{"start":{"line":161,"column":4},"end":{"line":161,"column":38}},"85":{"start":{"line":163,"column":4},"end":{"line":163,"column":23}},"86":{"start":{"line":164,"column":4},"end":{"line":164,"column":64}},"87":{"start":{"line":169,"column":22},"end":{"line":182,"column":1}},"88":{"start":{"line":170,"column":13},"end":{"line":170,"column":26}},"89":{"start":{"line":172,"column":2},"end":{"line":181,"column":3}},"90":{"start":{"line":173,"column":4},"end":{"line":173,"column":50}},"91":{"start":{"line":174,"column":4},"end":{"line":176,"column":5}},"92":{"start":{"line":175,"column":6},"end":{"line":175,"column":43}},"93":{"start":{"line":177,"column":4},"end":{"line":177,"column":38}},"94":{"start":{"line":179,"column":4},"end":{"line":179,"column":23}},"95":{"start":{"line":180,"column":4},"end":{"line":180,"column":64}},"96":{"start":{"line":187,"column":0},"end":{"line":193,"column":2}}},"fnMap":{"0":{"name":"(anonymous_0)","decl":{"start":{"line":6,"column":24},"end":{"line":6,"column":25}},"loc":{"start":{"line":6,"column":42},"end":{"line":13,"column":1}},"line":6},"1":{"name":"(anonymous_1)","decl":{"start":{"line":16,"column":22},"end":{"line":16,"column":23}},"loc":{"start":{"line":16,"column":42},"end":{"line":25,"column":1}},"line":16},"2":{"name":"(anonymous_2)","decl":{"start":{"line":28,"column":20},"end":{"line":28,"column":21}},"loc":{"start":{"line":28,"column":40},"end":{"line":93,"column":1}},"line":28},"3":{"name":"(anonymous_3)","decl":{"start":{"line":96,"column":19},"end":{"line":96,"column":20}},"loc":{"start":{"line":96,"column":39},"end":{"line":145,"column":1}},"line":96},"4":{"name":"(anonymous_4)","decl":{"start":{"line":148,"column":22},"end":{"line":148,"column":23}},"loc":{"start":{"line":148,"column":42},"end":{"line":166,"column":1}},"line":148},"5":{"name":"(anonymous_5)","decl":{"start":{"line":169,"column":22},"end":{"line":169,"column":23}},"loc":{"start":{"line":169,"column":42},"end":{"line":182,"column":1}},"line":169}},"branchMap":{"0":{"loc":{"start":{"line":7,"column":2},"end":{"line":9,"column":3}},"type":"if","locations":[{"start":{"line":7,"column":2},"end":{"line":9,"column":3}},{"start":{},"end":{}}],"line":7},"1":{"loc":{"start":{"line":36,"column":4},"end":{"line":38,"column":5}},"type":"if","locations":[{"start":{"line":36,"column":4},"end":{"line":38,"column":5}},{"start":{},"end":{}}],"line":36},"2":{"loc":{"start":{"line":42,"column":4},"end":{"line":45,"column":5}},"type":"if","locations":[{"start":{"line":42,"column":4},"end":{"line":45,"column":5}},{"start":{},"end":{}}],"line":42},"3":{"loc":{"start":{"line":51,"column":6},"end":{"line":74,"column":7}},"type":"if","locations":[{"start":{"line":51,"column":6},"end":{"line":74,"column":7}},{"start":{"line":72,"column":13},"end":{"line":74,"column":7}}],"line":51},"4":{"loc":{"start":{"line":59,"column":10},"end":{"line":64,"column":11}},"type":"if","locations":[{"start":{"line":59,"column":10},"end":{"line":64,"column":11}},{"start":{"line":62,"column":17},"end":{"line":64,"column":11}}],"line":59},"5":{"loc":{"start":{"line":59,"column":14},"end":{"line":59,"column":63}},"type":"binary-expr","locations":[{"start":{"line":59,"column":14},"end":{"line":59,"column":28}},{"start":{"line":59,"column":32},"end":{"line":59,"column":63}}],"line":59},"6":{"loc":{"start":{"line":80,"column":4},"end":{"line":84,"column":5}},"type":"if","locations":[{"start":{"line":80,"column":4},"end":{"line":84,"column":5}},{"start":{},"end":{}}],"line":80},"7":{"loc":{"start":{"line":103,"column":4},"end":{"line":105,"column":5}},"type":"if","locations":[{"start":{"line":103,"column":4},"end":{"line":105,"column":5}},{"start":{},"end":{}}],"line":103},"8":{"loc":{"start":{"line":107,"column":4},"end":{"line":109,"column":5}},"type":"if","locations":[{"start":{"line":107,"column":4},"end":{"line":109,"column":5}},{"start":{},"end":{}}],"line":107},"9":{"loc":{"start":{"line":111,"column":4},"end":{"line":131,"column":5}},"type":"if","locations":[{"start":{"line":111,"column":4},"end":{"line":131,"column":5}},{"start":{"line":129,"column":11},"end":{"line":131,"column":5}}],"line":111},"10":{"loc":{"start":{"line":111,"column":8},"end":{"line":111,"column":65}},"type":"binary-expr","locations":[{"start":{"line":111,"column":8},"end":{"line":111,"column":30}},{"start":{"line":111,"column":34},"end":{"line":111,"column":65}}],"line":111},"11":{"loc":{"start":{"line":118,"column":8},"end":{"line":123,"column":9}},"type":"if","locations":[{"start":{"line":118,"column":8},"end":{"line":123,"column":9}},{"start":{"line":121,"column":15},"end":{"line":123,"column":9}}],"line":118},"12":{"loc":{"start":{"line":118,"column":12},"end":{"line":118,"column":61}},"type":"binary-expr","locations":[{"start":{"line":118,"column":12},"end":{"line":118,"column":26}},{"start":{"line":118,"column":30},"end":{"line":118,"column":61}}],"line":118},"13":{"loc":{"start":{"line":133,"column":4},"end":{"line":137,"column":5}},"type":"if","locations":[{"start":{"line":133,"column":4},"end":{"line":137,"column":5}},{"start":{},"end":{}}],"line":133},"14":{"loc":{"start":{"line":133,"column":8},"end":{"line":133,"column":46}},"type":"binary-expr","locations":[{"start":{"line":133,"column":8},"end":{"line":133,"column":38}},{"start":{"line":133,"column":42},"end":{"line":133,"column":46}}],"line":133},"15":{"loc":{"start":{"line":158,"column":4},"end":{"line":160,"column":5}},"type":"if","locations":[{"start":{"line":158,"column":4},"end":{"line":160,"column":5}},{"start":{},"end":{}}],"line":158},"16":{"loc":{"start":{"line":174,"column":4},"end":{"line":176,"column":5}},"type":"if","locations":[{"start":{"line":174,"column":4},"end":{"line":176,"column":5}},{"start":{},"end":{}}],"line":174}},"s":{"0":1,"1":1,"2":1,"3":1,"4":0,"5":0,"6":0,"7":0,"8":0,"9":1,"10":0,"11":0,"12":0,"13":0,"14":0,"15":0,"16":1,"17":0,"18":0,"19":0,"20":0,"21":0,"22":0,"23":0,"24":0,"25":0,"26":0,"27":0,"28":0,"29":0,"30":0,"31":0,"32":0,"33":0,"34":0,"35":0,"36":0,"37":0,"38":0,"39":0,"40":0,"41":0,"42":0,"43":0,"44":0,"45":0,"46":0,"47":0,"48":0,"49":1,"50":0,"51":0,"52":0,"53":0,"54":0,"55":0,"56":0,"57":0,"58":0,"59":0,"60":0,"61":0,"62":0,"63":0,"64":0,"65":0,"66":0,"67":0,"68":0,"69":0,"70":0,"71":0,"72":0,"73":0,"74":0,"75":0,"76":0,"77":1,"78":0,"79":0,"80":0,"81":0,"82":0,"83":0,"84":0,"85":0,"86":0,"87":1,"88":0,"89":0,"90":0,"91":0,"92":0,"93":0,"94":0,"95":0,"96":1},"f":{"0":0,"1":0,"2":0,"3":0,"4":0,"5":0},"b":{"0":[0,0],"1":[0,0],"2":[0,0],"3":[0,0],"4":[0,0],"5":[0,0],"6":[0,0],"7":[0,0],"8":[0,0],"9":[0,0],"10":[0,0],"11":[0,0],"12":[0,0],"13":[0,0],"14":[0,0],"15":[0,0],"16":[0,0]},"_coverageSchema":"1a1c01bbd47fc00a2c39e90264f33305004495a9","hash":"26a71e52e8a5670a36c745e6405d745bab263676"}
,"C:\\Users\\IBRAHIM\\Desktop\\old files\\organic-Care\\src\\controllers\\shippingController.js": {"path":"C:\\Users\\IBRAHIM\\Desktop\\old files\\organic-Care\\src\\controllers\\shippingController.js","statementMap":{"0":{"start":{"line":1,"column":17},"end":{"line":1,"column":46}},"1":{"start":{"line":2,"column":15},"end":{"line":2,"column":48}},"2":{"start":{"line":4,"column":33},"end":{"line":26,"column":1}},"3":{"start":{"line":5,"column":2},"end":{"line":25,"column":3}},"4":{"start":{"line":7,"column":6},"end":{"line":7,"column":14}},"5":{"start":{"line":8,"column":28},"end":{"line":14,"column":6}},"6":{"start":{"line":15,"column":4},"end":{"line":15,"column":33}},"7":{"start":{"line":16,"column":4},"end":{"line":18,"column":5}},"8":{"start":{"line":17,"column":6},"end":{"line":17,"column":60}},"9":{"start":{"line":19,"column":4},"end":{"line":19,"column":61}},"10":{"start":{"line":20,"column":4},"end":{"line":20,"column":42}},"11":{"start":{"line":22,"column":4},"end":{"line":22,"column":23}},"12":{"start":{"line":23,"column":4},"end":{"line":23,"column":66}},"13":{"start":{"line":24,"column":4},"end":{"line":24,"column":71}},"14":{"start":{"line":28,"column":29},"end":{"line":46,"column":1}},"15":{"start":{"line":29,"column":21},"end":{"line":29,"column":39}},"16":{"start":{"line":30,"column":2},"end":{"line":45,"column":3}},"17":{"start":{"line":31,"column":32},"end":{"line":33,"column":13}},"18":{"start":{"line":34,"column":4},"end":{"line":36,"column":5}},"19":{"start":{"line":35,"column":6},"end":{"line":35,"column":56}},"20":{"start":{"line":37,"column":4},"end":{"line":37,"column":77}},"21":{"start":{"line":38,"column":4},"end":{"line":38,"column":53}},"22":{"start":{"line":40,"column":4},"end":{"line":40,"column":60}},"23":{"start":{"line":41,"column":4},"end":{"line":41,"column":25}},"24":{"start":{"line":42,"column":4},"end":{"line":44,"column":77}},"25":{"start":{"line":48,"column":32},"end":{"line":72,"column":1}},"26":{"start":{"line":50,"column":4},"end":{"line":50,"column":12}},"27":{"start":{"line":51,"column":21},"end":{"line":51,"column":42}},"28":{"start":{"line":52,"column":2},"end":{"line":71,"column":3}},"29":{"start":{"line":53,"column":34},"end":{"line":57,"column":12}},"30":{"start":{"line":58,"column":4},"end":{"line":60,"column":5}},"31":{"start":{"line":59,"column":6},"end":{"line":59,"column":60}},"32":{"start":{"line":61,"column":4},"end":{"line":61,"column":72}},"33":{"start":{"line":62,"column":4},"end":{"line":64,"column":7}},"34":{"start":{"line":66,"column":4},"end":{"line":66,"column":67}},"35":{"start":{"line":67,"column":4},"end":{"line":67,"column":25}},"36":{"start":{"line":68,"column":4},"end":{"line":70,"column":67}},"37":{"start":{"line":74,"column":32},"end":{"line":96,"column":1}},"38":{"start":{"line":75,"column":21},"end":{"line":75,"column":42}},"39":{"start":{"line":76,"column":2},"end":{"line":95,"column":3}},"40":{"start":{"line":77,"column":34},"end":{"line":79,"column":13}},"41":{"start":{"line":80,"column":4},"end":{"line":82,"column":5}},"42":{"start":{"line":81,"column":6},"end":{"line":81,"column":71}},"43":{"start":{"line":83,"column":4},"end":{"line":85,"column":6}},"44":{"start":{"line":86,"column":4},"end":{"line":88,"column":72}},"45":{"start":{"line":90,"column":4},"end":{"line":90,"column":67}},"46":{"start":{"line":91,"column":4},"end":{"line":91,"column":25}},"47":{"start":{"line":92,"column":4},"end":{"line":94,"column":65}},"48":{"start":{"line":98,"column":0},"end":{"line":103,"column":2}}},"fnMap":{"0":{"name":"(anonymous_0)","decl":{"start":{"line":4,"column":33},"end":{"line":4,"column":34}},"loc":{"start":{"line":4,"column":53},"end":{"line":26,"column":1}},"line":4},"1":{"name":"(anonymous_1)","decl":{"start":{"line":28,"column":29},"end":{"line":28,"column":30}},"loc":{"start":{"line":28,"column":49},"end":{"line":46,"column":1}},"line":28},"2":{"name":"(anonymous_2)","decl":{"start":{"line":48,"column":32},"end":{"line":48,"column":33}},"loc":{"start":{"line":48,"column":52},"end":{"line":72,"column":1}},"line":48},"3":{"name":"(anonymous_3)","decl":{"start":{"line":74,"column":32},"end":{"line":74,"column":33}},"loc":{"start":{"line":74,"column":52},"end":{"line":96,"column":1}},"line":74}},"branchMap":{"0":{"loc":{"start":{"line":16,"column":4},"end":{"line":18,"column":5}},"type":"if","locations":[{"start":{"line":16,"column":4},"end":{"line":18,"column":5}},{"start":{},"end":{}}],"line":16},"1":{"loc":{"start":{"line":34,"column":4},"end":{"line":36,"column":5}},"type":"if","locations":[{"start":{"line":34,"column":4},"end":{"line":36,"column":5}},{"start":{},"end":{}}],"line":34},"2":{"loc":{"start":{"line":58,"column":4},"end":{"line":60,"column":5}},"type":"if","locations":[{"start":{"line":58,"column":4},"end":{"line":60,"column":5}},{"start":{},"end":{}}],"line":58},"3":{"loc":{"start":{"line":80,"column":4},"end":{"line":82,"column":5}},"type":"if","locations":[{"start":{"line":80,"column":4},"end":{"line":82,"column":5}},{"start":{},"end":{}}],"line":80}},"s":{"0":1,"1":1,"2":1,"3":0,"4":0,"5":0,"6":0,"7":0,"8":0,"9":0,"10":0,"11":0,"12":0,"13":0,"14":1,"15":0,"16":0,"17":0,"18":0,"19":0,"20":0,"21":0,"22":0,"23":0,"24":0,"25":1,"26":0,"27":0,"28":0,"29":0,"30":0,"31":0,"32":0,"33":0,"34":0,"35":0,"36":0,"37":1,"38":0,"39":0,"40":0,"41":0,"42":0,"43":0,"44":0,"45":0,"46":0,"47":0,"48":1},"f":{"0":0,"1":0,"2":0,"3":0},"b":{"0":[0,0],"1":[0,0],"2":[0,0],"3":[0,0]},"_coverageSchema":"1a1c01bbd47fc00a2c39e90264f33305004495a9","hash":"fa915b6e4ade1e6e127d9d27ae529ac18cffe02e"}
,"C:\\Users\\IBRAHIM\\Desktop\\old files\\organic-Care\\src\\controllers\\userController.js": {"path":"C:\\Users\\IBRAHIM\\Desktop\\old files\\organic-Care\\src\\controllers\\userController.js","statementMap":{"0":{"start":{"line":1,"column":13},"end":{"line":1,"column":38}},"1":{"start":{"line":2,"column":23},"end":{"line":2,"column":70}},"2":{"start":{"line":3,"column":15},"end":{"line":3,"column":48}},"3":{"start":{"line":5,"column":19},"end":{"line":7,"column":1}},"4":{"start":{"line":9,"column":17},"end":{"line":20,"column":1}},"5":{"start":{"line":11,"column":2},"end":{"line":19,"column":3}},"6":{"start":{"line":12,"column":18},"end":{"line":12,"column":35}},"7":{"start":{"line":13,"column":4},"end":{"line":13,"column":51}},"8":{"start":{"line":13,"column":16},"end":{"line":13,"column":51}},"9":{"start":{"line":14,"column":4},"end":{"line":14,"column":64}},"10":{"start":{"line":16,"column":4},"end":{"line":16,"column":51}},"11":{"start":{"line":17,"column":4},"end":{"line":17,"column":52}},"12":{"start":{"line":18,"column":4},"end":{"line":18,"column":64}},"13":{"start":{"line":23,"column":16},"end":{"line":34,"column":1}},"14":{"start":{"line":24,"column":2},"end":{"line":33,"column":3}},"15":{"start":{"line":25,"column":19},"end":{"line":25,"column":36}},"16":{"start":{"line":26,"column":17},"end":{"line":26,"column":44}},"17":{"start":{"line":27,"column":4},"end":{"line":27,"column":53}},"18":{"start":{"line":27,"column":15},"end":{"line":27,"column":53}},"19":{"start":{"line":28,"column":4},"end":{"line":28,"column":63}},"20":{"start":{"line":30,"column":4},"end":{"line":30,"column":23}},"21":{"start":{"line":31,"column":4},"end":{"line":31,"column":51}},"22":{"start":{"line":32,"column":4},"end":{"line":32,"column":63}},"23":{"start":{"line":37,"column":19},"end":{"line":53,"column":1}},"24":{"start":{"line":38,"column":2},"end":{"line":52,"column":3}},"25":{"start":{"line":39,"column":19},"end":{"line":39,"column":36}},"26":{"start":{"line":40,"column":28},"end":{"line":40,"column":36}},"27":{"start":{"line":41,"column":17},"end":{"line":45,"column":5}},"28":{"start":{"line":46,"column":4},"end":{"line":46,"column":61}},"29":{"start":{"line":46,"column":15},"end":{"line":46,"column":61}},"30":{"start":{"line":47,"column":4},"end":{"line":47,"column":63}},"31":{"start":{"line":49,"column":4},"end":{"line":49,"column":49}},"32":{"start":{"line":50,"column":4},"end":{"line":50,"column":49}},"33":{"start":{"line":51,"column":4},"end":{"line":51,"column":71}},"34":{"start":{"line":56,"column":19},"end":{"line":69,"column":1}},"35":{"start":{"line":57,"column":17},"end":{"line":57,"column":34}},"36":{"start":{"line":58,"column":2},"end":{"line":68,"column":3}},"37":{"start":{"line":59,"column":24},"end":{"line":59,"column":59}},"38":{"start":{"line":60,"column":4},"end":{"line":62,"column":5}},"39":{"start":{"line":61,"column":6},"end":{"line":61,"column":59}},"40":{"start":{"line":63,"column":4},"end":{"line":63,"column":34}},"41":{"start":{"line":65,"column":4},"end":{"line":65,"column":49}},"42":{"start":{"line":66,"column":4},"end":{"line":66,"column":48}},"43":{"start":{"line":67,"column":4},"end":{"line":67,"column":70}},"44":{"start":{"line":71,"column":0},"end":{"line":71,"column":75}}},"fnMap":{"0":{"name":"(anonymous_0)","decl":{"start":{"line":5,"column":19},"end":{"line":5,"column":20}},"loc":{"start":{"line":5,"column":39},"end":{"line":7,"column":1}},"line":5},"1":{"name":"(anonymous_1)","decl":{"start":{"line":9,"column":17},"end":{"line":9,"column":18}},"loc":{"start":{"line":9,"column":37},"end":{"line":20,"column":1}},"line":9},"2":{"name":"(anonymous_2)","decl":{"start":{"line":23,"column":16},"end":{"line":23,"column":17}},"loc":{"start":{"line":23,"column":36},"end":{"line":34,"column":1}},"line":23},"3":{"name":"(anonymous_3)","decl":{"start":{"line":37,"column":19},"end":{"line":37,"column":20}},"loc":{"start":{"line":37,"column":39},"end":{"line":53,"column":1}},"line":37},"4":{"name":"(anonymous_4)","decl":{"start":{"line":56,"column":19},"end":{"line":56,"column":20}},"loc":{"start":{"line":56,"column":39},"end":{"line":69,"column":1}},"line":56}},"branchMap":{"0":{"loc":{"start":{"line":13,"column":4},"end":{"line":13,"column":51}},"type":"if","locations":[{"start":{"line":13,"column":4},"end":{"line":13,"column":51}},{"start":{},"end":{}}],"line":13},"1":{"loc":{"start":{"line":27,"column":4},"end":{"line":27,"column":53}},"type":"if","locations":[{"start":{"line":27,"column":4},"end":{"line":27,"column":53}},{"start":{},"end":{}}],"line":27},"2":{"loc":{"start":{"line":46,"column":4},"end":{"line":46,"column":61}},"type":"if","locations":[{"start":{"line":46,"column":4},"end":{"line":46,"column":61}},{"start":{},"end":{}}],"line":46},"3":{"loc":{"start":{"line":60,"column":4},"end":{"line":62,"column":5}},"type":"if","locations":[{"start":{"line":60,"column":4},"end":{"line":62,"column":5}},{"start":{},"end":{}}],"line":60}},"s":{"0":1,"1":1,"2":1,"3":1,"4":1,"5":0,"6":0,"7":0,"8":0,"9":0,"10":0,"11":0,"12":0,"13":1,"14":0,"15":0,"16":0,"17":0,"18":0,"19":0,"20":0,"21":0,"22":0,"23":1,"24":0,"25":0,"26":0,"27":0,"28":0,"29":0,"30":0,"31":0,"32":0,"33":0,"34":1,"35":0,"36":0,"37":0,"38":0,"39":0,"40":0,"41":0,"42":0,"43":0,"44":1},"f":{"0":0,"1":0,"2":0,"3":0,"4":0},"b":{"0":[0,0],"1":[0,0],"2":[0,0],"3":[0,0]},"_coverageSchema":"1a1c01bbd47fc00a2c39e90264f33305004495a9","hash":"d610e166b2d08fd4917b38d366c657ac3bb6e851"}
,"C:\\Users\\IBRAHIM\\Desktop\\old files\\organic-Care\\src\\controllers\\wishlistController.js": {"path":"C:\\Users\\IBRAHIM\\Desktop\\old files\\organic-Care\\src\\controllers\\wishlistController.js","statementMap":{"0":{"start":{"line":1,"column":17},"end":{"line":1,"column":46}},"1":{"start":{"line":2,"column":15},"end":{"line":2,"column":48}},"2":{"start":{"line":5,"column":23},"end":{"line":19,"column":1}},"3":{"start":{"line":6,"column":2},"end":{"line":18,"column":3}},"4":{"start":{"line":7,"column":30},"end":{"line":7,"column":38}},"5":{"start":{"line":8,"column":21},"end":{"line":8,"column":52}},"6":{"start":{"line":9,"column":4},"end":{"line":9,"column":26}},"7":{"start":{"line":10,"column":4},"end":{"line":12,"column":5}},"8":{"start":{"line":11,"column":6},"end":{"line":11,"column":61}},"9":{"start":{"line":13,"column":4},"end":{"line":13,"column":42}},"10":{"start":{"line":15,"column":4},"end":{"line":15,"column":62}},"11":{"start":{"line":16,"column":4},"end":{"line":16,"column":63}},"12":{"start":{"line":17,"column":4},"end":{"line":17,"column":79}},"13":{"start":{"line":22,"column":21},"end":{"line":38,"column":1}},"14":{"start":{"line":23,"column":2},"end":{"line":37,"column":3}},"15":{"start":{"line":24,"column":19},"end":{"line":24,"column":36}},"16":{"start":{"line":25,"column":22},"end":{"line":28,"column":13}},"17":{"start":{"line":29,"column":4},"end":{"line":31,"column":5}},"18":{"start":{"line":30,"column":6},"end":{"line":30,"column":45}},"19":{"start":{"line":32,"column":4},"end":{"line":32,"column":43}},"20":{"start":{"line":34,"column":4},"end":{"line":34,"column":53}},"21":{"start":{"line":35,"column":4},"end":{"line":35,"column":54}},"22":{"start":{"line":36,"column":4},"end":{"line":36,"column":66}},"23":{"start":{"line":41,"column":20},"end":{"line":61,"column":1}},"24":{"start":{"line":42,"column":2},"end":{"line":60,"column":3}},"25":{"start":{"line":43,"column":21},"end":{"line":51,"column":15}},"26":{"start":{"line":52,"column":4},"end":{"line":54,"column":5}},"27":{"start":{"line":53,"column":6},"end":{"line":53,"column":61}},"28":{"start":{"line":55,"column":4},"end":{"line":55,"column":42}},"29":{"start":{"line":57,"column":4},"end":{"line":57,"column":52}},"30":{"start":{"line":58,"column":4},"end":{"line":58,"column":53}},"31":{"start":{"line":59,"column":4},"end":{"line":59,"column":82}},"32":{"start":{"line":64,"column":23},"end":{"line":87,"column":1}},"33":{"start":{"line":65,"column":2},"end":{"line":86,"column":3}},"34":{"start":{"line":66,"column":30},"end":{"line":66,"column":38}},"35":{"start":{"line":67,"column":21},"end":{"line":77,"column":5}},"36":{"start":{"line":78,"column":4},"end":{"line":80,"column":5}},"37":{"start":{"line":79,"column":6},"end":{"line":79,"column":61}},"38":{"start":{"line":81,"column":4},"end":{"line":81,"column":42}},"39":{"start":{"line":83,"column":4},"end":{"line":83,"column":53}},"40":{"start":{"line":84,"column":4},"end":{"line":84,"column":54}},"41":{"start":{"line":85,"column":4},"end":{"line":85,"column":82}},"42":{"start":{"line":90,"column":23},"end":{"line":109,"column":1}},"43":{"start":{"line":91,"column":2},"end":{"line":108,"column":3}},"44":{"start":{"line":92,"column":21},"end":{"line":95,"column":6}},"45":{"start":{"line":96,"column":4},"end":{"line":99,"column":5}},"46":{"start":{"line":97,"column":6},"end":{"line":97,"column":22}},"47":{"start":{"line":98,"column":6},"end":{"line":98,"column":61}},"48":{"start":{"line":100,"column":4},"end":{"line":103,"column":7}},"49":{"start":{"line":105,"column":4},"end":{"line":105,"column":53}},"50":{"start":{"line":106,"column":4},"end":{"line":106,"column":54}},"51":{"start":{"line":107,"column":4},"end":{"line":107,"column":82}},"52":{"start":{"line":111,"column":0},"end":{"line":117,"column":2}}},"fnMap":{"0":{"name":"(anonymous_0)","decl":{"start":{"line":5,"column":23},"end":{"line":5,"column":24}},"loc":{"start":{"line":5,"column":43},"end":{"line":19,"column":1}},"line":5},"1":{"name":"(anonymous_1)","decl":{"start":{"line":22,"column":21},"end":{"line":22,"column":22}},"loc":{"start":{"line":22,"column":41},"end":{"line":38,"column":1}},"line":22},"2":{"name":"(anonymous_2)","decl":{"start":{"line":41,"column":20},"end":{"line":41,"column":21}},"loc":{"start":{"line":41,"column":40},"end":{"line":61,"column":1}},"line":41},"3":{"name":"(anonymous_3)","decl":{"start":{"line":64,"column":23},"end":{"line":64,"column":24}},"loc":{"start":{"line":64,"column":43},"end":{"line":87,"column":1}},"line":64},"4":{"name":"(anonymous_4)","decl":{"start":{"line":90,"column":23},"end":{"line":90,"column":24}},"loc":{"start":{"line":90,"column":43},"end":{"line":109,"column":1}},"line":90}},"branchMap":{"0":{"loc":{"start":{"line":10,"column":4},"end":{"line":12,"column":5}},"type":"if","locations":[{"start":{"line":10,"column":4},"end":{"line":12,"column":5}},{"start":{},"end":{}}],"line":10},"1":{"loc":{"start":{"line":29,"column":4},"end":{"line":31,"column":5}},"type":"if","locations":[{"start":{"line":29,"column":4},"end":{"line":31,"column":5}},{"start":{},"end":{}}],"line":29},"2":{"loc":{"start":{"line":52,"column":4},"end":{"line":54,"column":5}},"type":"if","locations":[{"start":{"line":52,"column":4},"end":{"line":54,"column":5}},{"start":{},"end":{}}],"line":52},"3":{"loc":{"start":{"line":78,"column":4},"end":{"line":80,"column":5}},"type":"if","locations":[{"start":{"line":78,"column":4},"end":{"line":80,"column":5}},{"start":{},"end":{}}],"line":78},"4":{"loc":{"start":{"line":96,"column":4},"end":{"line":99,"column":5}},"type":"if","locations":[{"start":{"line":96,"column":4},"end":{"line":99,"column":5}},{"start":{},"end":{}}],"line":96}},"s":{"0":1,"1":1,"2":1,"3":0,"4":0,"5":0,"6":0,"7":0,"8":0,"9":0,"10":0,"11":0,"12":0,"13":1,"14":0,"15":0,"16":0,"17":0,"18":0,"19":0,"20":0,"21":0,"22":0,"23":1,"24":0,"25":0,"26":0,"27":0,"28":0,"29":0,"30":0,"31":0,"32":1,"33":0,"34":0,"35":0,"36":0,"37":0,"38":0,"39":0,"40":0,"41":0,"42":1,"43":0,"44":0,"45":0,"46":0,"47":0,"48":0,"49":0,"50":0,"51":0,"52":1},"f":{"0":0,"1":0,"2":0,"3":0,"4":0},"b":{"0":[0,0],"1":[0,0],"2":[0,0],"3":[0,0],"4":[0,0]},"_coverageSchema":"1a1c01bbd47fc00a2c39e90264f33305004495a9","hash":"895c0d274c462c35566c2f090a367450e452f57e"}
,"C:\\Users\\IBRAHIM\\Desktop\\old files\\organic-Care\\src\\models\\Order.js": {"path":"C:\\Users\\IBRAHIM\\Desktop\\old files\\organic-Care\\src\\models\\Order.js","statementMap":{"0":{"start":{"line":1,"column":17},"end":{"line":1,"column":36}},"1":{"start":{"line":2,"column":15},"end":{"line":2,"column":30}},"2":{"start":{"line":4,"column":20},"end":{"line":23,"column":2}},"3":{"start":{"line":25,"column":0},"end":{"line":25,"column":54}}},"fnMap":{},"branchMap":{},"s":{"0":1,"1":1,"2":1,"3":1},"f":{},"b":{},"_coverageSchema":"1a1c01bbd47fc00a2c39e90264f33305004495a9","hash":"faff595f5558e6c9969f67a8b8f60af5c843479b"}
,"C:\\Users\\IBRAHIM\\Desktop\\old files\\organic-Care\\src\\models\\Product.js": {"path":"C:\\Users\\IBRAHIM\\Desktop\\old files\\organic-Care\\src\\models\\Product.js","statementMap":{"0":{"start":{"line":1,"column":17},"end":{"line":1,"column":36}},"1":{"start":{"line":2,"column":15},"end":{"line":2,"column":30}},"2":{"start":{"line":4,"column":22},"end":{"line":12,"column":2}},"3":{"start":{"line":15,"column":0},"end":{"line":15,"column":58}}},"fnMap":{},"branchMap":{},"s":{"0":1,"1":1,"2":1,"3":1},"f":{},"b":{},"_coverageSchema":"1a1c01bbd47fc00a2c39e90264f33305004495a9","hash":"b572690ebe893c712c6257da390a4eab437d5139"}
,"C:\\Users\\IBRAHIM\\Desktop\\old files\\organic-Care\\src\\models\\Shipping.js": {"path":"C:\\Users\\IBRAHIM\\Desktop\\old files\\organic-Care\\src\\models\\Shipping.js","statementMap":{"0":{"start":{"line":1,"column":17},"end":{"line":1,"column":36}},"1":{"start":{"line":2,"column":15},"end":{"line":2,"column":30}},"2":{"start":{"line":4,"column":23},"end":{"line":26,"column":2}},"3":{"start":{"line":28,"column":0},"end":{"line":28,"column":60}}},"fnMap":{},"branchMap":{},"s":{"0":1,"1":1,"2":1,"3":1},"f":{},"b":{},"_coverageSchema":"1a1c01bbd47fc00a2c39e90264f33305004495a9","hash":"63efa76850801aa44dc9dfec2731b559648051ce"}
,"C:\\Users\\IBRAHIM\\Desktop\\old files\\organic-Care\\src\\models\\User.js": {"path":"C:\\Users\\IBRAHIM\\Desktop\\old files\\organic-Care\\src\\models\\User.js","statementMap":{"0":{"start":{"line":1,"column":17},"end":{"line":1,"column":36}},"1":{"start":{"line":3,"column":13},"end":{"line":6,"column":1}},"2":{"start":{"line":8,"column":19},"end":{"line":16,"column":2}},"3":{"start":{"line":18,"column":0},"end":{"line":18,"column":52}}},"fnMap":{},"branchMap":{},"s":{"0":1,"1":1,"2":1,"3":1},"f":{},"b":{},"_coverageSchema":"1a1c01bbd47fc00a2c39e90264f33305004495a9","hash":"31eedd491f0ee43427ce8e8ef0481642e77a8dab"}
,"C:\\Users\\IBRAHIM\\Desktop\\old files\\organic-Care\\src\\models\\WishList.js": {"path":"C:\\Users\\IBRAHIM\\Desktop\\old files\\organic-Care\\src\\models\\WishList.js","statementMap":{"0":{"start":{"line":1,"column":17},"end":{"line":1,"column":36}},"1":{"start":{"line":2,"column":15},"end":{"line":2,"column":30}},"2":{"start":{"line":4,"column":23},"end":{"line":13,"column":2}},"3":{"start":{"line":15,"column":0},"end":{"line":15,"column":60}}},"fnMap":{},"branchMap":{},"s":{"0":1,"1":1,"2":1,"3":1},"f":{},"b":{},"_coverageSchema":"1a1c01bbd47fc00a2c39e90264f33305004495a9","hash":"ee830828a2b1a0e7031950cbc8e27a008a170367"}
,"C:\\Users\\IBRAHIM\\Desktop\\old files\\organic-Care\\src\\routes\\authRoutes.js": {"path":"C:\\Users\\IBRAHIM\\Desktop\\old files\\organic-Care\\src\\routes\\authRoutes.js","statementMap":{"0":{"start":{"line":1,"column":16},"end":{"line":1,"column":34}},"1":{"start":{"line":2,"column":15},"end":{"line":2,"column":31}},"2":{"start":{"line":3,"column":17},"end":{"line":3,"column":46}},"3":{"start":{"line":5,"column":35},"end":{"line":5,"column":63}},"4":{"start":{"line":10,"column":4},"end":{"line":10,"column":53}},"5":{"start":{"line":15,"column":4},"end":{"line":15,"column":44}},"6":{"start":{"line":18,"column":0},"end":{"line":20,"column":3}},"7":{"start":{"line":19,"column":2},"end":{"line":19,"column":28}},"8":{"start":{"line":23,"column":0},"end":{"line":26,"column":2}},"9":{"start":{"line":29,"column":0},"end":{"line":37,"column":2}},"10":{"start":{"line":35,"column":4},"end":{"line":35,"column":31}},"11":{"start":{"line":40,"column":0},"end":{"line":40,"column":71}},"12":{"start":{"line":43,"column":0},"end":{"line":43,"column":56}},"13":{"start":{"line":45,"column":0},"end":{"line":45,"column":24}}},"fnMap":{"0":{"name":"(anonymous_0)","decl":{"start":{"line":18,"column":21},"end":{"line":18,"column":22}},"loc":{"start":{"line":18,"column":35},"end":{"line":20,"column":1}},"line":18},"1":{"name":"(anonymous_1)","decl":{"start":{"line":33,"column":26},"end":{"line":33,"column":27}},"loc":{"start":{"line":33,"column":40},"end":{"line":36,"column":3}},"line":33}},"branchMap":{},"s":{"0":1,"1":1,"2":1,"3":1,"4":1,"5":1,"6":1,"7":0,"8":1,"9":1,"10":0,"11":1,"12":1,"13":1},"f":{"0":0,"1":0},"b":{},"_coverageSchema":"1a1c01bbd47fc00a2c39e90264f33305004495a9","hash":"a7c4edc05102a9096633999f13fe466096135a2b"}
,"C:\\Users\\IBRAHIM\\Desktop\\old files\\organic-Care\\src\\routes\\orderRoutes.js": {"path":"C:\\Users\\IBRAHIM\\Desktop\\old files\\organic-Care\\src\\routes\\orderRoutes.js","statementMap":{"0":{"start":{"line":1,"column":16},"end":{"line":1,"column":34}},"1":{"start":{"line":2,"column":15},"end":{"line":2,"column":31}},"2":{"start":{"line":3,"column":14},"end":{"line":3,"column":55}},"3":{"start":{"line":4,"column":22},"end":{"line":4,"column":68}},"4":{"start":{"line":6,"column":0},"end":{"line":6,"column":42}},"5":{"start":{"line":7,"column":0},"end":{"line":7,"column":62}},"6":{"start":{"line":8,"column":0},"end":{"line":8,"column":45}},"7":{"start":{"line":9,"column":0},"end":{"line":9,"column":51}},"8":{"start":{"line":11,"column":0},"end":{"line":11,"column":24}}},"fnMap":{},"branchMap":{},"s":{"0":1,"1":1,"2":1,"3":1,"4":1,"5":1,"6":1,"7":1,"8":1},"f":{},"b":{},"_coverageSchema":"1a1c01bbd47fc00a2c39e90264f33305004495a9","hash":"4a1e8972b5c8e0ebfd2d2b3d5e4b11688443e559"}
,"C:\\Users\\IBRAHIM\\Desktop\\old files\\organic-Care\\src\\routes\\productRoutes.js": {"path":"C:\\Users\\IBRAHIM\\Desktop\\old files\\organic-Care\\src\\routes\\productRoutes.js","statementMap":{"0":{"start":{"line":1,"column":16},"end":{"line":1,"column":34}},"1":{"start":{"line":2,"column":15},"end":{"line":2,"column":31}},"2":{"start":{"line":3,"column":26},"end":{"line":3,"column":69}},"3":{"start":{"line":4,"column":27},"end":{"line":4,"column":66}},"4":{"start":{"line":5,"column":22},"end":{"line":5,"column":68}},"5":{"start":{"line":7,"column":0},"end":{"line":12,"column":2}},"6":{"start":{"line":13,"column":0},"end":{"line":13,"column":55}},"7":{"start":{"line":14,"column":0},"end":{"line":14,"column":57}},"8":{"start":{"line":15,"column":0},"end":{"line":20,"column":2}},"9":{"start":{"line":21,"column":0},"end":{"line":26,"column":2}},"10":{"start":{"line":28,"column":0},"end":{"line":28,"column":24}}},"fnMap":{},"branchMap":{},"s":{"0":1,"1":1,"2":1,"3":1,"4":1,"5":1,"6":1,"7":1,"8":1,"9":1,"10":1},"f":{},"b":{},"_coverageSchema":"1a1c01bbd47fc00a2c39e90264f33305004495a9","hash":"a8cb36fee2ee3e4c34c5572a02f6abcdd8329e5d"}
,"C:\\Users\\IBRAHIM\\Desktop\\old files\\organic-Care\\src\\routes\\shippingRoutes.js": {"path":"C:\\Users\\IBRAHIM\\Desktop\\old files\\organic-Care\\src\\routes\\shippingRoutes.js","statementMap":{"0":{"start":{"line":1,"column":16},"end":{"line":1,"column":34}},"1":{"start":{"line":2,"column":15},"end":{"line":2,"column":31}},"2":{"start":{"line":3,"column":27},"end":{"line":3,"column":71}},"3":{"start":{"line":5,"column":0},"end":{"line":5,"column":76}},"4":{"start":{"line":6,"column":0},"end":{"line":9,"column":2}},"5":{"start":{"line":10,"column":0},"end":{"line":13,"column":2}},"6":{"start":{"line":14,"column":0},"end":{"line":17,"column":2}},"7":{"start":{"line":19,"column":0},"end":{"line":19,"column":24}}},"fnMap":{},"branchMap":{},"s":{"0":1,"1":1,"2":1,"3":1,"4":1,"5":1,"6":1,"7":1},"f":{},"b":{},"_coverageSchema":"1a1c01bbd47fc00a2c39e90264f33305004495a9","hash":"e5a3799f9d638fceeea0599746ac7ed48d929e5e"}
,"C:\\Users\\IBRAHIM\\Desktop\\old files\\organic-Care\\src\\routes\\userRoutes.js": {"path":"C:\\Users\\IBRAHIM\\Desktop\\old files\\organic-Care\\src\\routes\\userRoutes.js","statementMap":{"0":{"start":{"line":1,"column":16},"end":{"line":1,"column":34}},"1":{"start":{"line":2,"column":17},"end":{"line":2,"column":36}},"2":{"start":{"line":3,"column":15},"end":{"line":3,"column":31}},"3":{"start":{"line":4,"column":23},"end":{"line":4,"column":63}},"4":{"start":{"line":5,"column":22},"end":{"line":5,"column":68}},"5":{"start":{"line":7,"column":0},"end":{"line":7,"column":70}},"6":{"start":{"line":8,"column":0},"end":{"line":8,"column":49}},"7":{"start":{"line":9,"column":0},"end":{"line":9,"column":52}},"8":{"start":{"line":11,"column":0},"end":{"line":11,"column":24}}},"fnMap":{},"branchMap":{},"s":{"0":1,"1":1,"2":1,"3":1,"4":1,"5":1,"6":1,"7":1,"8":1},"f":{},"b":{},"_coverageSchema":"1a1c01bbd47fc00a2c39e90264f33305004495a9","hash":"58c962343509d56fd39d2a2f76e3add6314ec2c9"}
,"C:\\Users\\IBRAHIM\\Desktop\\old files\\organic-Care\\src\\routes\\wishlistRoutes.js": {"path":"C:\\Users\\IBRAHIM\\Desktop\\old files\\organic-Care\\src\\routes\\wishlistRoutes.js","statementMap":{"0":{"start":{"line":1,"column":16},"end":{"line":1,"column":34}},"1":{"start":{"line":2,"column":15},"end":{"line":2,"column":31}},"2":{"start":{"line":3,"column":28},"end":{"line":3,"column":72}},"3":{"start":{"line":5,"column":0},"end":{"line":5,"column":62}},"4":{"start":{"line":6,"column":0},"end":{"line":9,"column":2}},"5":{"start":{"line":10,"column":0},"end":{"line":10,"column":62}},"6":{"start":{"line":11,"column":0},"end":{"line":11,"column":65}},"7":{"start":{"line":12,"column":0},"end":{"line":12,"column":68}},"8":{"start":{"line":14,"column":0},"end":{"line":14,"column":24}}},"fnMap":{},"branchMap":{},"s":{"0":1,"1":1,"2":1,"3":1,"4":1,"5":1,"6":1,"7":1,"8":1},"f":{},"b":{},"_coverageSchema":"1a1c01bbd47fc00a2c39e90264f33305004495a9","hash":"b51db7423fed1d4c9995b7b19633f9f6e870bb71"}
,"C:\\Users\\IBRAHIM\\Desktop\\old files\\organic-Care\\src\\routes\\middlewares\\authMIddleware.js": {"path":"C:\\Users\\IBRAHIM\\Desktop\\old files\\organic-Care\\src\\routes\\middlewares\\authMIddleware.js","statementMap":{"0":{"start":{"line":1,"column":12},"end":{"line":1,"column":35}},"1":{"start":{"line":2,"column":18},"end":{"line":2,"column":40}},"2":{"start":{"line":6,"column":4},"end":{"line":12,"column":5}},"3":{"start":{"line":8,"column":8},"end":{"line":8,"column":66}},"4":{"start":{"line":10,"column":6},"end":{"line":10,"column":79}},"5":{"start":{"line":11,"column":6},"end":{"line":11,"column":59}},"6":{"start":{"line":14,"column":2},"end":{"line":35,"column":3}},"7":{"start":{"line":15,"column":4},"end":{"line":24,"column":5}},"8":{"start":{"line":19,"column":6},"end":{"line":23,"column":11}},"9":{"start":{"line":26,"column":18},"end":{"line":26,"column":57}},"10":{"start":{"line":28,"column":25},"end":{"line":28,"column":53}},"11":{"start":{"line":30,"column":4},"end":{"line":30,"column":28}},"12":{"start":{"line":32,"column":4},"end":{"line":32,"column":11}},"13":{"start":{"line":34,"column":4},"end":{"line":34,"column":72}},"14":{"start":{"line":38,"column":0},"end":{"line":38,"column":32}}},"fnMap":{"0":{"name":"authMiddleware","decl":{"start":{"line":5,"column":9},"end":{"line":5,"column":23}},"loc":{"start":{"line":5,"column":40},"end":{"line":36,"column":1}},"line":5}},"branchMap":{"0":{"loc":{"start":{"line":6,"column":4},"end":{"line":12,"column":5}},"type":"if","locations":[{"start":{"line":6,"column":4},"end":{"line":12,"column":5}},{"start":{},"end":{}}],"line":6},"1":{"loc":{"start":{"line":15,"column":4},"end":{"line":24,"column":5}},"type":"if","locations":[{"start":{"line":15,"column":4},"end":{"line":24,"column":5}},{"start":{},"end":{}}],"line":15},"2":{"loc":{"start":{"line":16,"column":6},"end":{"line":17,"column":54}},"type":"binary-expr","locations":[{"start":{"line":16,"column":6},"end":{"line":16,"column":32}},{"start":{"line":17,"column":6},"end":{"line":17,"column":54}}],"line":16}},"s":{"0":1,"1":1,"2":0,"3":0,"4":0,"5":0,"6":0,"7":0,"8":0,"9":0,"10":0,"11":0,"12":0,"13":0,"14":1},"f":{"0":0},"b":{"0":[0,0],"1":[0,0],"2":[0,0]},"_coverageSchema":"1a1c01bbd47fc00a2c39e90264f33305004495a9","hash":"f4a37402074b731b1ac58f40fdb701278e8b0d76"}
,"C:\\Users\\IBRAHIM\\Desktop\\old files\\organic-Care\\src\\routes\\middlewares\\authValidationMiddleware.js": {"path":"C:\\Users\\IBRAHIM\\Desktop\\old files\\organic-Care\\src\\routes\\middlewares\\authValidationMiddleware.js","statementMap":{"0":{"start":{"line":1,"column":17},"end":{"line":1,"column":45}},"1":{"start":{"line":4,"column":37},"end":{"line":31,"column":1}},"2":{"start":{"line":21,"column":6},"end":{"line":29,"column":9}},"3":{"start":{"line":22,"column":8},"end":{"line":28,"column":11}},"4":{"start":{"line":23,"column":10},"end":{"line":27,"column":11}},"5":{"start":{"line":24,"column":12},"end":{"line":24,"column":45}},"6":{"start":{"line":26,"column":12},"end":{"line":26,"column":26}},"7":{"start":{"line":33,"column":34},"end":{"line":36,"column":1}},"8":{"start":{"line":38,"column":35},"end":{"line":43,"column":1}},"9":{"start":{"line":45,"column":0},"end":{"line":45,"column":105}}},"fnMap":{"0":{"name":"(anonymous_0)","decl":{"start":{"line":20,"column":12},"end":{"line":20,"column":13}},"loc":{"start":{"line":20,"column":32},"end":{"line":30,"column":5}},"line":20},"1":{"name":"(anonymous_1)","decl":{"start":{"line":21,"column":25},"end":{"line":21,"column":26}},"loc":{"start":{"line":21,"column":46},"end":{"line":29,"column":7}},"line":21},"2":{"name":"(anonymous_2)","decl":{"start":{"line":22,"column":39},"end":{"line":22,"column":40}},"loc":{"start":{"line":22,"column":54},"end":{"line":28,"column":9}},"line":22}},"branchMap":{"0":{"loc":{"start":{"line":23,"column":10},"end":{"line":27,"column":11}},"type":"if","locations":[{"start":{"line":23,"column":10},"end":{"line":27,"column":11}},{"start":{"line":25,"column":17},"end":{"line":27,"column":11}}],"line":23}},"s":{"0":1,"1":1,"2":0,"3":0,"4":0,"5":0,"6":0,"7":1,"8":1,"9":1},"f":{"0":0,"1":0,"2":0},"b":{"0":[0,0]},"_coverageSchema":"1a1c01bbd47fc00a2c39e90264f33305004495a9","hash":"37a5f86781fde28cc6193be8abd63f94d6ca7017"}
,"C:\\Users\\IBRAHIM\\Desktop\\old files\\organic-Care\\src\\services\\currencyConverter.js": {"path":"C:\\Users\\IBRAHIM\\Desktop\\old files\\organic-Care\\src\\services\\currencyConverter.js","statementMap":{"0":{"start":{"line":1,"column":21},"end":{"line":1,"column":51}},"1":{"start":{"line":2,"column":7},"end":{"line":2,"column":23}},"2":{"start":{"line":4,"column":0},"end":{"line":4,"column":64}},"3":{"start":{"line":7,"column":2},"end":{"line":30,"column":5}},"4":{"start":{"line":8,"column":4},"end":{"line":29,"column":7}},"5":{"start":{"line":9,"column":6},"end":{"line":28,"column":7}},"6":{"start":{"line":11,"column":8},"end":{"line":11,"column":35}},"7":{"start":{"line":12,"column":8},"end":{"line":12,"column":20}},"8":{"start":{"line":14,"column":8},"end":{"line":27,"column":9}},"9":{"start":{"line":15,"column":10},"end":{"line":15,"column":26}},"10":{"start":{"line":16,"column":10},"end":{"line":16,"column":24}},"11":{"start":{"line":17,"column":10},"end":{"line":19,"column":11}},"12":{"start":{"line":18,"column":12},"end":{"line":18,"column":40}},"13":{"start":{"line":20,"column":10},"end":{"line":20,"column":50}},"14":{"start":{"line":21,"column":28},"end":{"line":21,"column":48}},"15":{"start":{"line":22,"column":32},"end":{"line":22,"column":68}},"16":{"start":{"line":23,"column":10},"end":{"line":23,"column":50}},"17":{"start":{"line":25,"column":10},"end":{"line":25,"column":66}},"18":{"start":{"line":26,"column":10},"end":{"line":26,"column":22}},"19":{"start":{"line":33,"column":0},"end":{"line":33,"column":35}}},"fnMap":{"0":{"name":"currencyConverter","decl":{"start":{"line":6,"column":9},"end":{"line":6,"column":26}},"loc":{"start":{"line":6,"column":75},"end":{"line":31,"column":1}},"line":6},"1":{"name":"(anonymous_1)","decl":{"start":{"line":7,"column":21},"end":{"line":7,"column":22}},"loc":{"start":{"line":7,"column":42},"end":{"line":30,"column":3}},"line":7},"2":{"name":"(anonymous_2)","decl":{"start":{"line":8,"column":24},"end":{"line":8,"column":25}},"loc":{"start":{"line":8,"column":45},"end":{"line":29,"column":5}},"line":8}},"branchMap":{"0":{"loc":{"start":{"line":9,"column":6},"end":{"line":28,"column":7}},"type":"if","locations":[{"start":{"line":9,"column":6},"end":{"line":28,"column":7}},{"start":{"line":13,"column":13},"end":{"line":28,"column":7}}],"line":9}},"s":{"0":1,"1":1,"2":1,"3":0,"4":0,"5":0,"6":0,"7":0,"8":0,"9":0,"10":0,"11":0,"12":0,"13":0,"14":0,"15":0,"16":0,"17":0,"18":0,"19":1},"f":{"0":0,"1":0,"2":0},"b":{"0":[0,0]},"_coverageSchema":"1a1c01bbd47fc00a2c39e90264f33305004495a9","hash":"1a4dc230412232db4bc1bc50aea04b7f52cc590c"}
,"C:\\Users\\IBRAHIM\\Desktop\\old files\\organic-Care\\src\\utils\\customErrors\\UserNotUPDated.js": {"path":"C:\\Users\\IBRAHIM\\Desktop\\old files\\organic-Care\\src\\utils\\customErrors\\UserNotUPDated.js","statementMap":{"0":{"start":{"line":3,"column":8},"end":{"line":3,"column":23}},"1":{"start":{"line":4,"column":8},"end":{"line":4,"column":37}},"2":{"start":{"line":8,"column":0},"end":{"line":8,"column":32}}},"fnMap":{"0":{"name":"(anonymous_0)","decl":{"start":{"line":2,"column":4},"end":{"line":2,"column":5}},"loc":{"start":{"line":2,"column":25},"end":{"line":5,"column":5}},"line":2}},"branchMap":{},"s":{"0":0,"1":0,"2":1},"f":{"0":0},"b":{},"_coverageSchema":"1a1c01bbd47fc00a2c39e90264f33305004495a9","hash":"3d957e89473fe477ceb5fbd6e19cd896496ec71d"}
,"C:\\Users\\IBRAHIM\\Desktop\\old files\\organic-Care\\src\\utils\\logger\\logger.js": {"path":"C:\\Users\\IBRAHIM\\Desktop\\old files\\organic-Care\\src\\utils\\logger\\logger.js","statementMap":{"0":{"start":{"line":1,"column":16},"end":{"line":1,"column":34}},"1":{"start":{"line":3,"column":15},"end":{"line":14,"column":2}},"2":{"start":{"line":16,"column":0},"end":{"line":16,"column":24}}},"fnMap":{},"branchMap":{},"s":{"0":1,"1":1,"2":1},"f":{},"b":{},"_coverageSchema":"1a1c01bbd47fc00a2c39e90264f33305004495a9","hash":"a66c5b435c4734402b747b0c636cb3f2bd063b31"}
,"C:\\Users\\IBRAHIM\\Desktop\\old files\\organic-Care\\src\\utils\\roleBaseAuth\\checkUserRole.js": {"path":"C:\\Users\\IBRAHIM\\Desktop\\old files\\organic-Care\\src\\utils\\roleBaseAuth\\checkUserRole.js","statementMap":{"0":{"start":{"line":2,"column":2},"end":{"line":8,"column":4}},"1":{"start":{"line":3,"column":4},"end":{"line":7,"column":5}},"2":{"start":{"line":4,"column":6},"end":{"line":4,"column":13}},"3":{"start":{"line":6,"column":6},"end":{"line":6,"column":63}},"4":{"start":{"line":11,"column":0},"end":{"line":11,"column":31}}},"fnMap":{"0":{"name":"checkUserRole","decl":{"start":{"line":1,"column":9},"end":{"line":1,"column":22}},"loc":{"start":{"line":1,"column":29},"end":{"line":9,"column":1}},"line":1},"1":{"name":"(anonymous_1)","decl":{"start":{"line":2,"column":9},"end":{"line":2,"column":10}},"loc":{"start":{"line":2,"column":29},"end":{"line":8,"column":3}},"line":2}},"branchMap":{"0":{"loc":{"start":{"line":3,"column":4},"end":{"line":7,"column":5}},"type":"if","locations":[{"start":{"line":3,"column":4},"end":{"line":7,"column":5}},{"start":{"line":5,"column":11},"end":{"line":7,"column":5}}],"line":3},"1":{"loc":{"start":{"line":3,"column":8},"end":{"line":3,"column":55}},"type":"binary-expr","locations":[{"start":{"line":3,"column":8},"end":{"line":3,"column":29}},{"start":{"line":3,"column":33},"end":{"line":3,"column":55}}],"line":3}},"s":{"0":5,"1":0,"2":0,"3":0,"4":1},"f":{"0":5,"1":0},"b":{"0":[0,0],"1":[0,0]},"_coverageSchema":"1a1c01bbd47fc00a2c39e90264f33305004495a9","hash":"04af41a62fd340a30db33204da37c60c3530e975"}
}
